<?xml version="1.0" encoding="UTF-8"?>
<!-- Generated by org.testng.reporters.JUnitReportReporter -->
<testsuite hostname="Manisha" failures="0" tests="1" name="Runner.KeywordRunner" time="13.543" errors="0" timestamp="2025-11-11T21:46:18 IST" skipped="0">
  <testcase classname="Runner.KeywordRunner" name="getKeyword" time="13.543">
    <system-out>
      <![CDATA[enteredAdmin in username
enteredadmin123 in password
clicked on login
clicked on Admin
clicked on add user
clicked on user role 
clicked on Admin
enteredPeter in EmployeeName
clicked on chooseEmployeeName
clicked on status
clicked on Enabled
enteredPeter Anderson in user name 
enteredadmin1233A in password
enteredadmin1233A in ConfirmPassword
clicked on save
clicked on Dashboard
clicked on profile
clicked on Logout]]>
    </system-out>
  </testcase> <!-- getKeyword -->
  <system-out>
    <![CDATA[enteredAdmin in username
enteredadmin123 in password
clicked on login
clicked on Admin
clicked on add user
clicked on user role 
clicked on Admin
enteredPeter in EmployeeName
clicked on chooseEmployeeName
clicked on status
clicked on Enabled
enteredPeter Anderson in user name 
enteredadmin1233A in password
enteredadmin1233A in ConfirmPassword
clicked on save
clicked on Dashboard
clicked on profile
clicked on Logout
enteredAdmin in username
enteredadmin123 in password
clicked on login
clicked on Admin
clicked on add user
clicked on user role 
clicked on Admin
enteredPeter in EmployeeName
clicked on chooseEmployeeName
clicked on status
clicked on Enabled
enteredPeter Anderson in user name 
enteredadmin1233A in password
enteredadmin1233A in ConfirmPassword
clicked on save
clicked on Dashboard
clicked on profile
clicked on Logout]]>
  </system-out>
</testsuite> <!-- Runner.KeywordRunner -->
